-- found gnuplot command: /usr/local/bin/gnuplot
goos: darwin
goarch: amd64
pkg: github.com/smallnest/gosercomp
BenchmarkMarshalByJson-4                 	 1850058	       647 ns/op	        65.0 marshaledBytes
BenchmarkMarshalByXml-4                  	  308764	      3997 ns/op	       137 marshaledBytes
BenchmarkMarshalByMsgp-4                 	10046798	       140 ns/op	        47.0 marshaledBytes
BenchmarkMarshalByProtoBuf-4             	 5250182	       256 ns/op	        36.0 marshaledBytes
BenchmarkMarshalByGogoProtoBuf-4         	 4894754	       257 ns/op	        36.0 marshaledBytes
BenchmarkMarshalByThrift-4               	 1995572	       566 ns/op	        63.0 marshaledBytes
BenchmarkMarshalByAvro-4                 	 3410665	       346 ns/op	        32.0 marshaledBytes
BenchmarkMarshalByGencode-4              	24767253	        51.2 ns/op	        34.0 marshaledBytes
BenchmarkMarshalByUgorjiCodecAndCbor-4   	 1717364	       682 ns/op	        47.0 marshaledBytes
BenchmarkMarshalByUgorjiCodecAndMsgp-4   	 1858545	       726 ns/op	        47.0 marshaledBytes
BenchmarkMarshalByUgorjiCodecAndBinc-4   	 1894346	       583 ns/op	        47.0 marshaledBytes
BenchmarkMarshalByUgorjiCodecAndJson-4   	 1609161	       717 ns/op	        65.0 marshaledBytes
BenchmarkMarshalByEasyjson-4             	 4180846	       283 ns/op	        65.0 marshaledBytes
BenchmarkMarshalByFfjson-4               	 1293396	       946 ns/op	        65.0 marshaledBytes
BenchmarkMarshalByJsoniter-4             	 2346495	       511 ns/op	        65.0 marshaledBytes
BenchmarkMarshalByGoMemdump-4            	  272938	      5222 ns/op	       200 marshaledBytes
BenchmarkMarshalByColfer-4               	34834042	        39.2 ns/op	        35.0 marshaledBytes
BenchmarkMarshalByZebrapack-4            	 5803422	       307 ns/op	       109 marshaledBytes
BenchmarkMarshalByGotiny-4               	 2643406	       422 ns/op	        32.0 marshaledBytes
BenchmarkMarshalByHprose-4               	 3216709	       372 ns/op	        49.0 marshaledBytes
BenchmarkMarshalBySereal-4               	  501252	      2164 ns/op	        76.0 marshaledBytes
BenchmarkMarshalByMsgpackV2-4            	  890499	      1371 ns/op	        47.0 marshaledBytes
BenchmarkMarshalByRlp-4                  	 2498214	       487 ns/op	        32.0 marshaledBytes
BenchmarkMarshalBySegmentioJSON-4        	 1925108	       584 ns/op	        65.0 marshaledBytes
PASS
ok  	github.com/smallnest/gosercomp	40.981s
